  [1m[35m (11.1ms)[0m  [1m[35mCREATE TABLE "schema_migrations" ("version" varchar NOT NULL PRIMARY KEY)[0m
  [1m[35m (15.2ms)[0m  [1m[35mCREATE TABLE "ar_internal_metadata" ("key" varchar NOT NULL PRIMARY KEY, "value" varchar, "created_at" datetime NOT NULL, "updated_at" datetime NOT NULL)[0m
  [1m[36mActiveRecord::InternalMetadata Load (0.2ms)[0m  [1m[34mSELECT  "ar_internal_metadata".* FROM "ar_internal_metadata" WHERE "ar_internal_metadata"."key" = ? LIMIT ?[0m  [["key", "environment"], ["LIMIT", 1]]
  [1m[35m (0.0ms)[0m  [1m[36mbegin transaction[0m
  [1m[35mSQL (0.2ms)[0m  [1m[32mINSERT INTO "ar_internal_metadata" ("key", "value", "created_at", "updated_at") VALUES (?, ?, ?, ?)[0m  [["key", "environment"], ["value", "development"], ["created_at", "2017-07-19 11:23:41.175488"], ["updated_at", "2017-07-19 11:23:41.175488"]]
  [1m[35m (13.5ms)[0m  [1m[36mcommit transaction[0m
  [1m[36mActiveRecord::SchemaMigration Load (0.1ms)[0m  [1m[34mSELECT "schema_migrations".* FROM "schema_migrations"[0m
  [1m[36mActiveRecord::SchemaMigration Load (0.1ms)[0m  [1m[34mSELECT "schema_migrations".* FROM "schema_migrations"[0m
  [1m[36mActiveRecord::SchemaMigration Load (0.1ms)[0m  [1m[34mSELECT "schema_migrations".* FROM "schema_migrations"[0m
  [1m[35m (0.1ms)[0m  [1m[34mSELECT version FROM "schema_migrations"[0m
  [1m[35m (13.4ms)[0m  [1m[32mINSERT INTO "schema_migrations" (version) VALUES (0)[0m
  [1m[36mActiveRecord::InternalMetadata Load (0.2ms)[0m  [1m[34mSELECT  "ar_internal_metadata".* FROM "ar_internal_metadata" WHERE "ar_internal_metadata"."key" = ? LIMIT ?[0m  [["key", "environment"], ["LIMIT", 1]]
  [1m[35m (0.1ms)[0m  [1m[36mbegin transaction[0m
  [1m[35m (0.1ms)[0m  [1m[36mcommit transaction[0m
  [1m[36mActiveRecord::InternalMetadata Load (0.1ms)[0m  [1m[34mSELECT  "ar_internal_metadata".* FROM "ar_internal_metadata" WHERE "ar_internal_metadata"."key" = ? LIMIT ?[0m  [["key", "environment"], ["LIMIT", 1]]
  [1m[35m (0.1ms)[0m  [1m[36mbegin transaction[0m
  [1m[35m (0.1ms)[0m  [1m[36mcommit transaction[0m
  [1m[35m (16.1ms)[0m  [1m[35mCREATE TABLE "schema_migrations" ("version" varchar NOT NULL PRIMARY KEY)[0m
  [1m[35m (0.2ms)[0m  [1m[34mSELECT version FROM "schema_migrations"[0m
  [1m[35m (7.6ms)[0m  [1m[32mINSERT INTO "schema_migrations" (version) VALUES (0)[0m
  [1m[35m (21.8ms)[0m  [1m[35mCREATE TABLE "ar_internal_metadata" ("key" varchar NOT NULL PRIMARY KEY, "value" varchar, "created_at" datetime NOT NULL, "updated_at" datetime NOT NULL)[0m
  [1m[36mActiveRecord::InternalMetadata Load (0.2ms)[0m  [1m[34mSELECT  "ar_internal_metadata".* FROM "ar_internal_metadata" WHERE "ar_internal_metadata"."key" = ? LIMIT ?[0m  [["key", "environment"], ["LIMIT", 1]]
  [1m[35m (0.1ms)[0m  [1m[36mbegin transaction[0m
  [1m[35mSQL (0.2ms)[0m  [1m[32mINSERT INTO "ar_internal_metadata" ("key", "value", "created_at", "updated_at") VALUES (?, ?, ?, ?)[0m  [["key", "environment"], ["value", "development"], ["created_at", "2017-07-19 11:23:49.466575"], ["updated_at", "2017-07-19 11:23:49.466575"]]
  [1m[35m (7.6ms)[0m  [1m[36mcommit transaction[0m
  [1m[36mActiveRecord::InternalMetadata Load (0.1ms)[0m  [1m[34mSELECT  "ar_internal_metadata".* FROM "ar_internal_metadata" WHERE "ar_internal_metadata"."key" = ? LIMIT ?[0m  [["key", "environment"], ["LIMIT", 1]]
  [1m[35m (0.1ms)[0m  [1m[36mbegin transaction[0m
  [1m[35m (0.1ms)[0m  [1m[36mcommit transaction[0m
  [1m[36mActiveRecord::SchemaMigration Load (0.1ms)[0m  [1m[34mSELECT "schema_migrations".* FROM "schema_migrations"[0m
  [1m[36mActiveRecord::SchemaMigration Load (0.2ms)[0m  [1m[34mSELECT "schema_migrations".* FROM "schema_migrations"[0m
Migrating to CreateUsers (20170719112417)
  [1m[35m (0.1ms)[0m  [1m[36mbegin transaction[0m
  [1m[35m (1.6ms)[0m  [1m[35mCREATE TABLE "users" ("id" INTEGER PRIMARY KEY AUTOINCREMENT NOT NULL, "name" varchar, "email" varchar, "created_at" datetime NOT NULL, "updated_at" datetime NOT NULL)[0m
  [1m[35mSQL (0.2ms)[0m  [1m[32mINSERT INTO "schema_migrations" ("version") VALUES (?)[0m  [["version", "20170719112417"]]
  [1m[35m (15.5ms)[0m  [1m[36mcommit transaction[0m
  [1m[36mActiveRecord::InternalMetadata Load (0.2ms)[0m  [1m[34mSELECT  "ar_internal_metadata".* FROM "ar_internal_metadata" WHERE "ar_internal_metadata"."key" = ? LIMIT ?[0m  [["key", "environment"], ["LIMIT", 1]]
  [1m[35m (0.1ms)[0m  [1m[36mbegin transaction[0m
  [1m[35m (0.1ms)[0m  [1m[36mcommit transaction[0m
  [1m[36mActiveRecord::SchemaMigration Load (0.2ms)[0m  [1m[34mSELECT "schema_migrations".* FROM "schema_migrations"[0m
Started GET "/" for 127.0.0.1 at 2017-07-19 14:25:38 +0300
  [1m[36mActiveRecord::SchemaMigration Load (0.2ms)[0m  [1m[34mSELECT "schema_migrations".* FROM "schema_migrations"[0m
Processing by Rails::WelcomeController#index as HTML
  Parameters: {"internal"=>true}
  Rendering /home/sonjamak/.rbenv/versions/2.3.1/lib/ruby/gems/2.3.0/gems/railties-5.0.4/lib/rails/templates/rails/welcome/index.html.erb
  Rendered /home/sonjamak/.rbenv/versions/2.3.1/lib/ruby/gems/2.3.0/gems/railties-5.0.4/lib/rails/templates/rails/welcome/index.html.erb (4.8ms)
Completed 200 OK in 13ms (Views: 12.2ms | ActiveRecord: 0.0ms)


Started GET "/favicon.ico" for 127.0.0.1 at 2017-07-19 14:25:39 +0300
  
ActionController::RoutingError (No route matches [GET] "/favicon.ico"):
  
actionpack (5.0.4) lib/action_dispatch/middleware/debug_exceptions.rb:53:in `call'
actionpack (5.0.4) lib/action_dispatch/middleware/show_exceptions.rb:31:in `call'
railties (5.0.4) lib/rails/rack/logger.rb:36:in `call_app'
railties (5.0.4) lib/rails/rack/logger.rb:24:in `block in call'
activesupport (5.0.4) lib/active_support/tagged_logging.rb:69:in `block in tagged'
activesupport (5.0.4) lib/active_support/tagged_logging.rb:26:in `tagged'
activesupport (5.0.4) lib/active_support/tagged_logging.rb:69:in `tagged'
railties (5.0.4) lib/rails/rack/logger.rb:24:in `call'
actionpack (5.0.4) lib/action_dispatch/middleware/request_id.rb:24:in `call'
rack (2.0.3) lib/rack/runtime.rb:22:in `call'
activesupport (5.0.4) lib/active_support/cache/strategy/local_cache_middleware.rb:28:in `call'
actionpack (5.0.4) lib/action_dispatch/middleware/executor.rb:12:in `call'
actionpack (5.0.4) lib/action_dispatch/middleware/static.rb:136:in `call'
rack (2.0.3) lib/rack/sendfile.rb:111:in `call'
railties (5.0.4) lib/rails/engine.rb:522:in `call'
puma (3.9.1) lib/puma/configuration.rb:224:in `call'
puma (3.9.1) lib/puma/server.rb:602:in `handle_request'
puma (3.9.1) lib/puma/server.rb:435:in `process_client'
puma (3.9.1) lib/puma/server.rb:299:in `block in run'
puma (3.9.1) lib/puma/thread_pool.rb:120:in `block in spawn_thread'
Started GET "/users" for 127.0.0.1 at 2017-07-19 14:25:44 +0300
Processing by UsersController#index as HTML
  [1m[36mUser Load (0.2ms)[0m  [1m[34mSELECT "users".* FROM "users"[0m
Completed 200 OK in 3ms (Views: 1.1ms | ActiveRecord: 0.4ms)


  [1m[36mUser Load (0.2ms)[0m  [1m[34mSELECT  "users".* FROM "users" ORDER BY "users"."id" ASC LIMIT ?[0m  [["LIMIT", 1]]
  [1m[35m (0.2ms)[0m  [1m[36mbegin transaction[0m
  [1m[35mSQL (0.7ms)[0m  [1m[32mINSERT INTO "users" ("name", "email", "created_at", "updated_at") VALUES (?, ?, ?, ?)[0m  [["name", "minä"], ["email", "mina@sina.fi"], ["created_at", "2017-07-19 11:28:10.607989"], ["updated_at", "2017-07-19 11:28:10.607989"]]
  [1m[35m (13.5ms)[0m  [1m[36mcommit transaction[0m
  [1m[36mUser Load (0.2ms)[0m  [1m[34mSELECT "users".* FROM "users"[0m
Started GET "/users" for 127.0.0.1 at 2017-07-19 14:28:28 +0300
  [1m[36mActiveRecord::SchemaMigration Load (0.1ms)[0m  [1m[34mSELECT "schema_migrations".* FROM "schema_migrations"[0m
Processing by UsersController#index as HTML
  [1m[36mUser Load (0.2ms)[0m  [1m[34mSELECT "users".* FROM "users"[0m
Completed 200 OK in 12ms (Views: 8.4ms | ActiveRecord: 1.2ms)


Started GET "/users/1/edit" for 127.0.0.1 at 2017-07-19 14:29:31 +0300
  
ActionController::RoutingError (No route matches [GET] "/users/1/edit"):
  
actionpack (5.0.4) lib/action_dispatch/middleware/debug_exceptions.rb:53:in `call'
actionpack (5.0.4) lib/action_dispatch/middleware/show_exceptions.rb:31:in `call'
railties (5.0.4) lib/rails/rack/logger.rb:36:in `call_app'
railties (5.0.4) lib/rails/rack/logger.rb:24:in `block in call'
activesupport (5.0.4) lib/active_support/tagged_logging.rb:69:in `block in tagged'
activesupport (5.0.4) lib/active_support/tagged_logging.rb:26:in `tagged'
activesupport (5.0.4) lib/active_support/tagged_logging.rb:69:in `tagged'
railties (5.0.4) lib/rails/rack/logger.rb:24:in `call'
actionpack (5.0.4) lib/action_dispatch/middleware/request_id.rb:24:in `call'
rack (2.0.3) lib/rack/runtime.rb:22:in `call'
activesupport (5.0.4) lib/active_support/cache/strategy/local_cache_middleware.rb:28:in `call'
actionpack (5.0.4) lib/action_dispatch/middleware/executor.rb:12:in `call'
actionpack (5.0.4) lib/action_dispatch/middleware/static.rb:136:in `call'
rack (2.0.3) lib/rack/sendfile.rb:111:in `call'
railties (5.0.4) lib/rails/engine.rb:522:in `call'
puma (3.9.1) lib/puma/configuration.rb:224:in `call'
puma (3.9.1) lib/puma/server.rb:602:in `handle_request'
puma (3.9.1) lib/puma/server.rb:435:in `process_client'
puma (3.9.1) lib/puma/server.rb:299:in `block in run'
puma (3.9.1) lib/puma/thread_pool.rb:120:in `block in spawn_thread'
Started GET "/users/1/" for 127.0.0.1 at 2017-07-19 14:29:33 +0300
Processing by UsersController#show as HTML
  Parameters: {"id"=>"1"}
  [1m[36mUser Load (0.4ms)[0m  [1m[34mSELECT  "users".* FROM "users" WHERE "users"."id" = ? LIMIT ?[0m  [["id", 1], ["LIMIT", 1]]
Completed 200 OK in 5ms (Views: 0.8ms | ActiveRecord: 0.4ms)


Started GET "/users" for 127.0.0.1 at 2017-07-19 14:29:36 +0300
Processing by UsersController#index as HTML
  [1m[36mUser Load (0.2ms)[0m  [1m[34mSELECT "users".* FROM "users"[0m
Completed 200 OK in 1ms (Views: 0.9ms | ActiveRecord: 0.2ms)


  [1m[36mActiveRecord::SchemaMigration Load (0.1ms)[0m  [1m[34mSELECT "schema_migrations".* FROM "schema_migrations"[0m
Migrating to AddPointsToUsers (20170719113846)
  [1m[35m (0.1ms)[0m  [1m[36mbegin transaction[0m
  [1m[35m (0.9ms)[0m  [1m[35mALTER TABLE "users" ADD "points" integer[0m
  [1m[35mSQL (0.2ms)[0m  [1m[32mINSERT INTO "schema_migrations" ("version") VALUES (?)[0m  [["version", "20170719113846"]]
  [1m[35m (23.2ms)[0m  [1m[36mcommit transaction[0m
  [1m[36mActiveRecord::InternalMetadata Load (0.8ms)[0m  [1m[34mSELECT  "ar_internal_metadata".* FROM "ar_internal_metadata" WHERE "ar_internal_metadata"."key" = ? LIMIT ?[0m  [["key", "environment"], ["LIMIT", 1]]
  [1m[35m (0.1ms)[0m  [1m[36mbegin transaction[0m
  [1m[35m (0.1ms)[0m  [1m[36mcommit transaction[0m
  [1m[36mActiveRecord::SchemaMigration Load (0.1ms)[0m  [1m[34mSELECT "schema_migrations".* FROM "schema_migrations"[0m
  [1m[36mUser Load (0.2ms)[0m  [1m[34mSELECT  "users".* FROM "users" ORDER BY "users"."id" ASC LIMIT ?[0m  [["LIMIT", 1]]
  [1m[36mUser Load (0.1ms)[0m  [1m[34mSELECT  "users".* FROM "users" ORDER BY "users"."id" ASC LIMIT ?[0m  [["LIMIT", 1]]
  [1m[36mUser Load (0.2ms)[0m  [1m[34mSELECT  "users".* FROM "users" ORDER BY "users"."id" ASC LIMIT ?[0m  [["LIMIT", 1]]
  [1m[35m (0.3ms)[0m  [1m[36mbegin transaction[0m
  [1m[35m (0.1ms)[0m  [1m[36mcommit transaction[0m
Started GET "/users" for 127.0.0.1 at 2017-07-19 14:39:37 +0300
  [1m[36mActiveRecord::SchemaMigration Load (0.2ms)[0m  [1m[34mSELECT "schema_migrations".* FROM "schema_migrations"[0m
Processing by UsersController#index as HTML
  [1m[36mUser Load (0.1ms)[0m  [1m[34mSELECT "users".* FROM "users"[0m
Completed 200 OK in 13ms (Views: 9.9ms | ActiveRecord: 0.6ms)


Started GET "/users" for 127.0.0.1 at 2017-07-19 14:39:39 +0300
Processing by UsersController#index as HTML
  [1m[36mUser Load (1.1ms)[0m  [1m[34mSELECT "users".* FROM "users"[0m
Completed 200 OK in 4ms (Views: 2.3ms | ActiveRecord: 1.1ms)


Started GET "/users" for 127.0.0.1 at 2017-07-19 14:39:40 +0300
Processing by UsersController#index as HTML
  [1m[36mUser Load (0.1ms)[0m  [1m[34mSELECT "users".* FROM "users"[0m
Completed 200 OK in 1ms (Views: 1.0ms | ActiveRecord: 0.1ms)


Started GET "/users" for 127.0.0.1 at 2017-07-19 14:39:40 +0300
Processing by UsersController#index as HTML
  [1m[36mUser Load (0.2ms)[0m  [1m[34mSELECT "users".* FROM "users"[0m
Completed 200 OK in 1ms (Views: 1.1ms | ActiveRecord: 0.2ms)


Started GET "/users" for 127.0.0.1 at 2017-07-19 14:39:41 +0300
Processing by UsersController#index as HTML
  [1m[36mUser Load (0.2ms)[0m  [1m[34mSELECT "users".* FROM "users"[0m
Completed 200 OK in 3ms (Views: 1.9ms | ActiveRecord: 0.2ms)


Started GET "/users" for 127.0.0.1 at 2017-07-19 14:39:41 +0300
Processing by UsersController#index as HTML
  [1m[36mUser Load (0.1ms)[0m  [1m[34mSELECT "users".* FROM "users"[0m
Completed 200 OK in 2ms (Views: 1.1ms | ActiveRecord: 0.1ms)


  [1m[36mUser Load (0.2ms)[0m  [1m[34mSELECT  "users".* FROM "users" ORDER BY "users"."id" ASC LIMIT ?[0m  [["LIMIT", 1]]
  [1m[36mUser Load (0.1ms)[0m  [1m[34mSELECT  "users".* FROM "users" ORDER BY "users"."id" ASC LIMIT ?[0m  [["LIMIT", 1]]
  [1m[36mUser Load (0.1ms)[0m  [1m[34mSELECT  "users".* FROM "users" ORDER BY "users"."id" ASC LIMIT ?[0m  [["LIMIT", 1]]
  [1m[36mUser Load (0.1ms)[0m  [1m[34mSELECT  "users".* FROM "users" ORDER BY "users"."id" ASC LIMIT ?[0m  [["LIMIT", 1]]
  [1m[35m (0.1ms)[0m  [1m[36mbegin transaction[0m
  [1m[35mSQL (0.5ms)[0m  [1m[33mUPDATE "users" SET "updated_at" = ?, "points" = ? WHERE "users"."id" = ?[0m  [["updated_at", "2017-07-19 11:40:40.252037"], ["points", 1], ["id", 1]]
  [1m[35m (20.0ms)[0m  [1m[36mcommit transaction[0m
Started GET "/users" for 127.0.0.1 at 2017-07-19 14:40:45 +0300
  [1m[36mActiveRecord::SchemaMigration Load (0.1ms)[0m  [1m[34mSELECT "schema_migrations".* FROM "schema_migrations"[0m
Processing by UsersController#index as HTML
  [1m[36mUser Load (0.2ms)[0m  [1m[34mSELECT "users".* FROM "users"[0m
Completed 200 OK in 15ms (Views: 11.4ms | ActiveRecord: 1.1ms)


  [1m[35m (0.1ms)[0m  [1m[36mbegin transaction[0m
  [1m[35mSQL (0.3ms)[0m  [1m[32mINSERT INTO "users" ("name", "created_at", "updated_at") VALUES (?, ?, ?)[0m  [["name", "sina"], ["created_at", "2017-07-19 11:42:36.010434"], ["updated_at", "2017-07-19 11:42:36.010434"]]
  [1m[35m (18.8ms)[0m  [1m[36mcommit transaction[0m
  [1m[36mUser Load (0.2ms)[0m  [1m[34mSELECT  "users".* FROM "users" WHERE "users"."id" = ? LIMIT ?[0m  [["id", nil], ["LIMIT", 1]]
  [1m[36mUser Load (0.1ms)[0m  [1m[34mSELECT  "users".* FROM "users" ORDER BY "users"."id" ASC LIMIT ? OFFSET ?[0m  [["LIMIT", 1], ["OFFSET", 1]]
  [1m[36mUser Load (0.1ms)[0m  [1m[34mSELECT  "users".* FROM "users" ORDER BY "users"."id" ASC LIMIT ? OFFSET ?[0m  [["LIMIT", 1], ["OFFSET", 1]]
  [1m[36mUser Load (0.1ms)[0m  [1m[34mSELECT  "users".* FROM "users" ORDER BY "users"."id" ASC LIMIT ? OFFSET ?[0m  [["LIMIT", 1], ["OFFSET", 1]]
  [1m[36mUser Load (0.2ms)[0m  [1m[34mSELECT  "users".* FROM "users" ORDER BY "users"."id" ASC LIMIT ? OFFSET ?[0m  [["LIMIT", 1], ["OFFSET", 1]]
  [1m[36mUser Load (0.1ms)[0m  [1m[34mSELECT  "users".* FROM "users" ORDER BY "users"."id" ASC LIMIT ? OFFSET ?[0m  [["LIMIT", 1], ["OFFSET", 1]]
  [1m[36mUser Load (0.1ms)[0m  [1m[34mSELECT  "users".* FROM "users" ORDER BY "users"."id" ASC LIMIT ? OFFSET ?[0m  [["LIMIT", 1], ["OFFSET", 1]]
  [1m[35m (0.1ms)[0m  [1m[36mbegin transaction[0m
  [1m[35m (0.1ms)[0m  [1m[36mcommit transaction[0m
  [1m[36mUser Load (0.1ms)[0m  [1m[34mSELECT  "users".* FROM "users" ORDER BY "users"."id" ASC LIMIT ? OFFSET ?[0m  [["LIMIT", 1], ["OFFSET", 1]]
  [1m[35m (0.1ms)[0m  [1m[36mbegin transaction[0m
  [1m[35mSQL (0.2ms)[0m  [1m[33mUPDATE "users" SET "updated_at" = ?, "points" = ? WHERE "users"."id" = ?[0m  [["updated_at", "2017-07-19 11:44:38.922848"], ["points", 5], ["id", 2]]
  [1m[35m (14.2ms)[0m  [1m[36mcommit transaction[0m
Started GET "/users" for 127.0.0.1 at 2017-07-19 14:44:44 +0300
  [1m[36mActiveRecord::SchemaMigration Load (0.3ms)[0m  [1m[34mSELECT "schema_migrations".* FROM "schema_migrations"[0m
Processing by UsersController#index as HTML
  [1m[36mUser Load (0.2ms)[0m  [1m[34mSELECT "users".* FROM "users"[0m
Completed 200 OK in 13ms (Views: 9.2ms | ActiveRecord: 0.9ms)


  [1m[36mUser Load (0.2ms)[0m  [1m[34mSELECT  "users".* FROM "users" ORDER BY "users"."id" ASC LIMIT ? OFFSET ?[0m  [["LIMIT", 1], ["OFFSET", 1]]
  [1m[36mUser Load (0.1ms)[0m  [1m[34mSELECT  "users".* FROM "users" ORDER BY "users"."id" ASC LIMIT ? OFFSET ?[0m  [["LIMIT", 1], ["OFFSET", 1]]
  [1m[36mUser Load (0.1ms)[0m  [1m[34mSELECT  "users".* FROM "users" ORDER BY "users"."id" ASC LIMIT ? OFFSET ?[0m  [["LIMIT", 1], ["OFFSET", 1]]
  [1m[36mUser Load (0.1ms)[0m  [1m[34mSELECT  "users".* FROM "users" ORDER BY "users"."id" ASC LIMIT ? OFFSET ?[0m  [["LIMIT", 1], ["OFFSET", 1]]
  [1m[36mUser Load (0.1ms)[0m  [1m[34mSELECT  "users".* FROM "users" ORDER BY "users"."id" ASC LIMIT ? OFFSET ?[0m  [["LIMIT", 1], ["OFFSET", 1]]
  [1m[36mUser Load (0.1ms)[0m  [1m[34mSELECT  "users".* FROM "users" ORDER BY "users"."id" ASC LIMIT ? OFFSET ?[0m  [["LIMIT", 1], ["OFFSET", 1]]
  [1m[36mUser Load (0.2ms)[0m  [1m[34mSELECT  "users".* FROM "users" ORDER BY "users"."id" ASC LIMIT ? OFFSET ?[0m  [["LIMIT", 1], ["OFFSET", 1]]
  [1m[35m (0.1ms)[0m  [1m[36mbegin transaction[0m
  [1m[35mSQL (0.4ms)[0m  [1m[33mUPDATE "users" SET "email" = ?, "updated_at" = ? WHERE "users"."id" = ?[0m  [["email", "sina@mina.fi"], ["updated_at", "2017-07-19 11:46:03.879980"], ["id", 2]]
  [1m[35m (18.5ms)[0m  [1m[36mcommit transaction[0m
Started GET "/users" for 127.0.0.1 at 2017-07-19 14:46:12 +0300
  [1m[36mActiveRecord::SchemaMigration Load (0.1ms)[0m  [1m[34mSELECT "schema_migrations".* FROM "schema_migrations"[0m
Processing by UsersController#index as HTML
  [1m[36mUser Load (0.1ms)[0m  [1m[34mSELECT "users".* FROM "users"[0m
Completed 200 OK in 13ms (Views: 8.6ms | ActiveRecord: 0.6ms)


  [1m[36mUser Load (2.4ms)[0m  [1m[34mSELECT "users".* FROM "users"[0m
  [1m[36mUser Load (0.1ms)[0m  [1m[34mSELECT "users".* FROM "users"[0m
  [1m[35m (0.2ms)[0m  [1m[34mSELECT COUNT(*) FROM "users"[0m
  [1m[36mUser Load (0.1ms)[0m  [1m[34mSELECT "users".* FROM "users"[0m
  [1m[36mUser Load (0.1ms)[0m  [1m[34mSELECT "users".* FROM "users"[0m
  [1m[35m (0.2ms)[0m  [1m[34mSELECT COUNT(*) FROM "users"[0m
  [1m[36mUser Load (0.2ms)[0m  [1m[34mSELECT  "users".* FROM "users" ORDER BY "users"."id" ASC LIMIT ?[0m  [["LIMIT", 1]]
  [1m[36mUser Load (0.1ms)[0m  [1m[34mSELECT  "users".* FROM "users" ORDER BY "users"."id" ASC LIMIT ?[0m  [["LIMIT", 1]]
  [1m[36mUser Load (0.1ms)[0m  [1m[34mSELECT "users".* FROM "users"[0m
  [1m[36mUser Load (0.1ms)[0m  [1m[34mSELECT  "users".* FROM "users" ORDER BY "users"."id" ASC LIMIT ?[0m  [["LIMIT", 1]]
  [1m[36mUser Load (0.1ms)[0m  [1m[34mSELECT "users".* FROM "users"[0m
  [1m[36mUser Load (1.0ms)[0m  [1m[34mSELECT "users".* FROM "users"[0m
  [1m[35m (0.1ms)[0m  [1m[34mSELECT COUNT(*) FROM "users"[0m
Started GET "/users" for 127.0.0.1 at 2017-07-19 15:17:55 +0300
  [1m[36mActiveRecord::SchemaMigration Load (0.1ms)[0m  [1m[34mSELECT "schema_migrations".* FROM "schema_migrations"[0m
Processing by UsersController#index as HTML
  [1m[36mUser Load (0.3ms)[0m  [1m[34mSELECT "users".* FROM "users"[0m
Completed 200 OK in 14ms (Views: 10.1ms | ActiveRecord: 0.9ms)


Started GET "/users" for 127.0.0.1 at 2017-07-19 15:21:54 +0300
  [1m[36mActiveRecord::SchemaMigration Load (0.1ms)[0m  [1m[34mSELECT "schema_migrations".* FROM "schema_migrations"[0m
Processing by UsersController#index as HTML
  [1m[36mUser Load (0.2ms)[0m  [1m[34mSELECT "users".* FROM "users"[0m
[active_model_serializers] Rendered ActiveModel::Serializer::CollectionSerializer with ActiveModelSerializers::Adapter::Attributes (1.28ms)
Completed 200 OK in 24ms (Views: 20.0ms | ActiveRecord: 1.6ms)


Started GET "/users" for 127.0.0.1 at 2017-07-19 15:21:55 +0300
Processing by UsersController#index as HTML
  [1m[36mUser Load (1.3ms)[0m  [1m[34mSELECT "users".* FROM "users"[0m
[active_model_serializers] Rendered ActiveModel::Serializer::CollectionSerializer with ActiveModelSerializers::Adapter::Attributes (0.24ms)
Completed 200 OK in 3ms (Views: 1.3ms | ActiveRecord: 1.3ms)


Started GET "/users" for 127.0.0.1 at 2017-07-19 15:22:08 +0300
Processing by UsersController#index as HTML
  [1m[36mUser Load (0.3ms)[0m  [1m[34mSELECT "users".* FROM "users"[0m
Started GET "/users" for 127.0.0.1 at 2017-07-19 15:22:18 +0300
[active_model_serializers]   [1m[36mCACHE (0.2ms)[0m  [1m[34mSELECT "users".* FROM "users"[0m
[active_model_serializers]   [1m[35m (0.2ms)[0m  [1m[34mSELECT COUNT(*) FROM "users"[0m
[active_model_serializers]   [1m[36mCACHE (0.0ms)[0m  [1m[34mSELECT "users".* FROM "users"[0m
[active_model_serializers]   [1m[36mCACHE (0.0ms)[0m  [1m[34mSELECT COUNT(*) FROM "users"[0m
[active_model_serializers] Rendered ActiveModel::Serializer::CollectionSerializer with ActiveModelSerializers::Adapter::Attributes (3.63ms)
Completed 200 OK in 14ms (Views: 10.8ms | ActiveRecord: 1.3ms)


Processing by UsersController#index as HTML
  [1m[36mUser Load (0.3ms)[0m  [1m[34mSELECT "users".* FROM "users"[0m
[active_model_serializers]   [1m[36mCACHE (0.0ms)[0m  [1m[34mSELECT "users".* FROM "users"[0m
[active_model_serializers]   [1m[35m (0.1ms)[0m  [1m[34mSELECT COUNT(*) FROM "users"[0m
[active_model_serializers]   [1m[36mCACHE (0.0ms)[0m  [1m[34mSELECT "users".* FROM "users"[0m
[active_model_serializers]   [1m[36mCACHE (0.0ms)[0m  [1m[34mSELECT COUNT(*) FROM "users"[0m
[active_model_serializers] Rendered ActiveModel::Serializer::CollectionSerializer with ActiveModelSerializers::Adapter::Attributes (3.54ms)
Completed 200 OK in 16ms (Views: 11.0ms | ActiveRecord: 1.0ms)


Started GET "/users" for 127.0.0.1 at 2017-07-19 15:22:33 +0300
Processing by UsersController#index as HTML
  [1m[36mUser Load (0.3ms)[0m  [1m[34mSELECT "users".* FROM "users"[0m
[active_model_serializers]   [1m[36mCACHE (0.3ms)[0m  [1m[34mSELECT "users".* FROM "users"[0m
[active_model_serializers]   [1m[35m (0.2ms)[0m  [1m[34mSELECT COUNT(*) FROM "users"[0m
[active_model_serializers]   [1m[36mCACHE (0.0ms)[0m  [1m[34mSELECT "users".* FROM "users"[0m
[active_model_serializers]   [1m[36mCACHE (0.0ms)[0m  [1m[34mSELECT COUNT(*) FROM "users"[0m
[active_model_serializers] Rendered ActiveModel::Serializer::CollectionSerializer with ActiveModelSerializers::Adapter::Attributes (4.03ms)
Completed 200 OK in 23ms (Views: 18.4ms | ActiveRecord: 1.9ms)


  [1m[36mUser Load (0.2ms)[0m  [1m[34mSELECT  "users".* FROM "users" ORDER BY "users"."id" ASC LIMIT ?[0m  [["LIMIT", 1]]
  [1m[35m (0.1ms)[0m  [1m[36mbegin transaction[0m
  [1m[35mSQL (0.4ms)[0m  [1m[32mINSERT INTO "users" ("name", "email", "created_at", "updated_at", "points") VALUES (?, ?, ?, ?, ?)[0m  [["name", "hän"], ["email", "hän@se.fi"], ["created_at", "2017-07-19 12:26:51.656693"], ["updated_at", "2017-07-19 12:26:51.656693"], ["points", 8]]
  [1m[35m (17.8ms)[0m  [1m[36mcommit transaction[0m
  [1m[35m (0.1ms)[0m  [1m[36mbegin transaction[0m
  [1m[35mSQL (0.2ms)[0m  [1m[32mINSERT INTO "users" ("name", "email", "created_at", "updated_at", "points") VALUES (?, ?, ?, ?, ?)[0m  [["name", "se"], ["email", "se@hän.fi"], ["created_at", "2017-07-19 12:27:37.833122"], ["updated_at", "2017-07-19 12:27:37.833122"], ["points", 2]]
  [1m[35m (18.4ms)[0m  [1m[36mcommit transaction[0m
Started GET "/users" for 127.0.0.1 at 2017-07-19 15:27:43 +0300
  [1m[36mActiveRecord::SchemaMigration Load (0.1ms)[0m  [1m[34mSELECT "schema_migrations".* FROM "schema_migrations"[0m
Processing by UsersController#index as HTML
  [1m[36mUser Load (0.1ms)[0m  [1m[34mSELECT "users".* FROM "users"[0m
[active_model_serializers]   [1m[36mUser Load (0.1ms)[0m  [1m[34mSELECT "users".* FROM "users"[0m
[active_model_serializers]   [1m[35m (0.1ms)[0m  [1m[34mSELECT COUNT(*) FROM "users"[0m
[active_model_serializers]   [1m[36mUser Load (0.1ms)[0m  [1m[34mSELECT "users".* FROM "users"[0m
[active_model_serializers]   [1m[35m (0.1ms)[0m  [1m[34mSELECT COUNT(*) FROM "users"[0m
[active_model_serializers]   [1m[36mUser Load (0.1ms)[0m  [1m[34mSELECT "users".* FROM "users"[0m
[active_model_serializers]   [1m[35m (0.1ms)[0m  [1m[34mSELECT COUNT(*) FROM "users"[0m
[active_model_serializers]   [1m[36mUser Load (0.1ms)[0m  [1m[34mSELECT "users".* FROM "users"[0m
[active_model_serializers]   [1m[35m (0.1ms)[0m  [1m[34mSELECT COUNT(*) FROM "users"[0m
[active_model_serializers] Rendered ActiveModel::Serializer::CollectionSerializer with ActiveModelSerializers::Adapter::Attributes (8.69ms)
Completed 200 OK in 27ms (Views: 21.9ms | ActiveRecord: 1.6ms)


Started GET "/users" for 127.0.0.1 at 2017-07-19 15:28:43 +0300
Processing by UsersController#index as HTML
Started GET "/users" for 127.0.0.1 at 2017-07-19 15:28:53 +0300
Started GET "/users" for 127.0.0.1 at 2017-07-19 15:28:53 +0300
Started GET "/users" for 127.0.0.1 at 2017-07-19 15:28:53 +0300
  [1m[36mUser Load (0.3ms)[0m  [1m[34mSELECT "users".* FROM "users"[0m
[active_model_serializers]   [1m[36mCACHE (0.0ms)[0m  [1m[34mSELECT "users".* FROM "users"[0m
[active_model_serializers]   [1m[35m (0.1ms)[0m  [1m[34mSELECT COUNT(*) FROM "users"[0m
[active_model_serializers]   [1m[36mCACHE (0.0ms)[0m  [1m[34mSELECT "users".* FROM "users"[0m
[active_model_serializers]   [1m[36mCACHE (0.0ms)[0m  [1m[34mSELECT COUNT(*) FROM "users"[0m
[active_model_serializers]   [1m[36mCACHE (0.0ms)[0m  [1m[34mSELECT "users".* FROM "users"[0m
[active_model_serializers]   [1m[36mCACHE (0.0ms)[0m  [1m[34mSELECT COUNT(*) FROM "users"[0m
[active_model_serializers]   [1m[36mCACHE (0.0ms)[0m  [1m[34mSELECT "users".* FROM "users"[0m
[active_model_serializers]   [1m[36mCACHE (0.1ms)[0m  [1m[34mSELECT COUNT(*) FROM "users"[0m
[active_model_serializers] Rendered ActiveModel::Serializer::CollectionSerializer with ActiveModelSerializers::Adapter::Attributes (7.39ms)
Completed 200 OK in 24ms (Views: 16.2ms | ActiveRecord: 1.3ms)


Processing by UsersController#index as HTML
Processing by UsersController#index as HTML
Processing by UsersController#index as HTML
  [1m[36mUser Load (0.4ms)[0m  [1m[34mSELECT "users".* FROM "users"[0m
  [1m[36mUser Load (0.7ms)[0m  [1m[34mSELECT "users".* FROM "users"[0m
  [1m[36mUser Load (0.4ms)[0m  [1m[34mSELECT "users".* FROM "users"[0m
[active_model_serializers]   [1m[36mCACHE (0.0ms)[0m  [1m[34mSELECT "users".* FROM "users"[0m
[active_model_serializers]   [1m[36mCACHE (0.0ms)[0m  [1m[34mSELECT "users".* FROM "users"[0m
[active_model_serializers]   [1m[36mCACHE (0.0ms)[0m  [1m[34mSELECT "users".* FROM "users"[0m
[active_model_serializers]   [1m[35m (0.1ms)[0m  [1m[34mSELECT COUNT(*) FROM "users"[0m
[active_model_serializers]   [1m[35m (0.1ms)[0m  [1m[34mSELECT COUNT(*) FROM "users"[0m
[active_model_serializers]   [1m[35m (0.1ms)[0m  [1m[34mSELECT COUNT(*) FROM "users"[0m
[active_model_serializers]   [1m[36mCACHE (0.0ms)[0m  [1m[34mSELECT "users".* FROM "users"[0m
[active_model_serializers]   [1m[36mCACHE (0.0ms)[0m  [1m[34mSELECT "users".* FROM "users"[0m
[active_model_serializers]   [1m[36mCACHE (0.0ms)[0m  [1m[34mSELECT "users".* FROM "users"[0m
[active_model_serializers]   [1m[36mCACHE (0.1ms)[0m  [1m[34mSELECT COUNT(*) FROM "users"[0m
[active_model_serializers]   [1m[36mCACHE (0.0ms)[0m  [1m[34mSELECT COUNT(*) FROM "users"[0m
[active_model_serializers]   [1m[36mCACHE (0.0ms)[0m  [1m[34mSELECT COUNT(*) FROM "users"[0m
[active_model_serializers]   [1m[36mCACHE (0.0ms)[0m  [1m[34mSELECT "users".* FROM "users"[0m
[active_model_serializers]   [1m[36mCACHE (0.0ms)[0m  [1m[34mSELECT "users".* FROM "users"[0m
[active_model_serializers]   [1m[36mCACHE (0.0ms)[0m  [1m[34mSELECT "users".* FROM "users"[0m
[active_model_serializers]   [1m[36mCACHE (0.0ms)[0m  [1m[34mSELECT COUNT(*) FROM "users"[0m
[active_model_serializers]   [1m[36mCACHE (0.0ms)[0m  [1m[34mSELECT COUNT(*) FROM "users"[0m
[active_model_serializers]   [1m[36mCACHE (0.0ms)[0m  [1m[34mSELECT COUNT(*) FROM "users"[0m
[active_model_serializers]   [1m[36mCACHE (0.0ms)[0m  [1m[34mSELECT "users".* FROM "users"[0m
[active_model_serializers]   [1m[36mCACHE (0.0ms)[0m  [1m[34mSELECT "users".* FROM "users"[0m
[active_model_serializers]   [1m[36mCACHE (0.0ms)[0m  [1m[34mSELECT "users".* FROM "users"[0m
[active_model_serializers]   [1m[36mCACHE (0.0ms)[0m  [1m[34mSELECT COUNT(*) FROM "users"[0m
[active_model_serializers] Rendered ActiveModel::Serializer::CollectionSerializer with ActiveModelSerializers::Adapter::Attributes (19.09ms)
[active_model_serializers]   [1m[36mCACHE (0.0ms)[0m  [1m[34mSELECT COUNT(*) FROM "users"[0m
Completed 200 OK in 36ms (Views: 31.1ms | ActiveRecord: 1.0ms)


[active_model_serializers]   [1m[36mCACHE (0.0ms)[0m  [1m[34mSELECT COUNT(*) FROM "users"[0m
[active_model_serializers] Rendered ActiveModel::Serializer::CollectionSerializer with ActiveModelSerializers::Adapter::Attributes (18.92ms)
[active_model_serializers] Rendered ActiveModel::Serializer::CollectionSerializer with ActiveModelSerializers::Adapter::Attributes (27.32ms)
Completed 200 OK in 46ms (Views: 41.3ms | ActiveRecord: 1.3ms)


Completed 200 OK in 46ms (Views: 39.8ms | ActiveRecord: 0.6ms)


Started GET "/" for 127.0.0.1 at 2017-07-20 10:20:05 +0300
  [1m[36mActiveRecord::SchemaMigration Load (0.2ms)[0m  [1m[34mSELECT "schema_migrations".* FROM "schema_migrations"[0m
Processing by Rails::WelcomeController#index as HTML
  Parameters: {"internal"=>true}
  Rendering /home/sonjamak/.rbenv/versions/2.3.1/lib/ruby/gems/2.3.0/gems/railties-5.0.4/lib/rails/templates/rails/welcome/index.html.erb
  Rendered /home/sonjamak/.rbenv/versions/2.3.1/lib/ruby/gems/2.3.0/gems/railties-5.0.4/lib/rails/templates/rails/welcome/index.html.erb (3.0ms)
Completed 200 OK in 8ms (Views: 6.6ms | ActiveRecord: 0.0ms)


Started GET "/favicon.ico" for 127.0.0.1 at 2017-07-20 10:20:05 +0300
  
ActionController::RoutingError (No route matches [GET] "/favicon.ico"):
  
actionpack (5.0.4) lib/action_dispatch/middleware/debug_exceptions.rb:53:in `call'
actionpack (5.0.4) lib/action_dispatch/middleware/show_exceptions.rb:31:in `call'
railties (5.0.4) lib/rails/rack/logger.rb:36:in `call_app'
railties (5.0.4) lib/rails/rack/logger.rb:24:in `block in call'
activesupport (5.0.4) lib/active_support/tagged_logging.rb:69:in `block in tagged'
activesupport (5.0.4) lib/active_support/tagged_logging.rb:26:in `tagged'
activesupport (5.0.4) lib/active_support/tagged_logging.rb:69:in `tagged'
railties (5.0.4) lib/rails/rack/logger.rb:24:in `call'
actionpack (5.0.4) lib/action_dispatch/middleware/request_id.rb:24:in `call'
rack (2.0.3) lib/rack/runtime.rb:22:in `call'
activesupport (5.0.4) lib/active_support/cache/strategy/local_cache_middleware.rb:28:in `call'
actionpack (5.0.4) lib/action_dispatch/middleware/executor.rb:12:in `call'
actionpack (5.0.4) lib/action_dispatch/middleware/static.rb:136:in `call'
rack (2.0.3) lib/rack/sendfile.rb:111:in `call'
railties (5.0.4) lib/rails/engine.rb:522:in `call'
puma (3.9.1) lib/puma/configuration.rb:224:in `call'
puma (3.9.1) lib/puma/server.rb:602:in `handle_request'
puma (3.9.1) lib/puma/server.rb:435:in `process_client'
puma (3.9.1) lib/puma/server.rb:299:in `block in run'
puma (3.9.1) lib/puma/thread_pool.rb:120:in `block in spawn_thread'
Started GET "/users" for 127.0.0.1 at 2017-07-20 10:20:12 +0300
Processing by UsersController#index as HTML
  [1m[36mUser Load (0.3ms)[0m  [1m[34mSELECT "users".* FROM "users"[0m
[active_model_serializers]   [1m[36mCACHE (0.0ms)[0m  [1m[34mSELECT "users".* FROM "users"[0m
[active_model_serializers]   [1m[35m (0.1ms)[0m  [1m[34mSELECT COUNT(*) FROM "users"[0m
[active_model_serializers]   [1m[36mCACHE (0.0ms)[0m  [1m[34mSELECT "users".* FROM "users"[0m
[active_model_serializers]   [1m[36mCACHE (0.0ms)[0m  [1m[34mSELECT COUNT(*) FROM "users"[0m
[active_model_serializers]   [1m[36mCACHE (0.0ms)[0m  [1m[34mSELECT "users".* FROM "users"[0m
[active_model_serializers]   [1m[36mCACHE (0.0ms)[0m  [1m[34mSELECT COUNT(*) FROM "users"[0m
[active_model_serializers]   [1m[36mCACHE (0.0ms)[0m  [1m[34mSELECT "users".* FROM "users"[0m
[active_model_serializers]   [1m[36mCACHE (0.0ms)[0m  [1m[34mSELECT COUNT(*) FROM "users"[0m
[active_model_serializers] Rendered ActiveModel::Serializer::CollectionSerializer with ActiveModelSerializers::Adapter::Attributes (3.46ms)
Completed 200 OK in 26ms (Views: 16.0ms | ActiveRecord: 0.9ms)


Started GET "/users/" for 127.0.0.1 at 2017-07-20 10:46:33 +0300
  [1m[36mActiveRecord::SchemaMigration Load (1.2ms)[0m  [1m[34mSELECT "schema_migrations".* FROM "schema_migrations"[0m
Processing by UsersController#index as HTML
  [1m[36mUser Load (1.1ms)[0m  [1m[34mSELECT "users".* FROM "users"[0m
[active_model_serializers]   [1m[36mUser Load (0.7ms)[0m  [1m[34mSELECT "users".* FROM "users"[0m
[active_model_serializers]   [1m[35m (0.7ms)[0m  [1m[34mSELECT COUNT(*) FROM "users"[0m
[active_model_serializers]   [1m[36mUser Load (0.8ms)[0m  [1m[34mSELECT "users".* FROM "users"[0m
[active_model_serializers]   [1m[35m (1.6ms)[0m  [1m[34mSELECT COUNT(*) FROM "users"[0m
[active_model_serializers]   [1m[36mUser Load (0.6ms)[0m  [1m[34mSELECT "users".* FROM "users"[0m
[active_model_serializers]   [1m[35m (9.2ms)[0m  [1m[34mSELECT COUNT(*) FROM "users"[0m
[active_model_serializers]   [1m[36mUser Load (0.9ms)[0m  [1m[34mSELECT "users".* FROM "users"[0m
[active_model_serializers]   [1m[35m (1.6ms)[0m  [1m[34mSELECT COUNT(*) FROM "users"[0m
[active_model_serializers] Rendered ActiveModel::Serializer::CollectionSerializer with ActiveModelSerializers::Adapter::Attributes (63.07ms)
Completed 200 OK in 199ms (Views: 164.4ms | ActiveRecord: 21.0ms)


Started GET "/users/1/edit" for 127.0.0.1 at 2017-07-20 10:47:15 +0300
  
ActionController::RoutingError (No route matches [GET] "/users/1/edit"):
  
actionpack (5.0.4) lib/action_dispatch/middleware/debug_exceptions.rb:53:in `call'
actionpack (5.0.4) lib/action_dispatch/middleware/show_exceptions.rb:31:in `call'
railties (5.0.4) lib/rails/rack/logger.rb:36:in `call_app'
railties (5.0.4) lib/rails/rack/logger.rb:24:in `block in call'
activesupport (5.0.4) lib/active_support/tagged_logging.rb:69:in `block in tagged'
activesupport (5.0.4) lib/active_support/tagged_logging.rb:26:in `tagged'
activesupport (5.0.4) lib/active_support/tagged_logging.rb:69:in `tagged'
railties (5.0.4) lib/rails/rack/logger.rb:24:in `call'
actionpack (5.0.4) lib/action_dispatch/middleware/request_id.rb:24:in `call'
rack (2.0.3) lib/rack/runtime.rb:22:in `call'
activesupport (5.0.4) lib/active_support/cache/strategy/local_cache_middleware.rb:28:in `call'
actionpack (5.0.4) lib/action_dispatch/middleware/executor.rb:12:in `call'
actionpack (5.0.4) lib/action_dispatch/middleware/static.rb:136:in `call'
rack (2.0.3) lib/rack/sendfile.rb:111:in `call'
railties (5.0.4) lib/rails/engine.rb:522:in `call'
puma (3.9.1) lib/puma/configuration.rb:224:in `call'
puma (3.9.1) lib/puma/server.rb:602:in `handle_request'
puma (3.9.1) lib/puma/server.rb:435:in `process_client'
puma (3.9.1) lib/puma/server.rb:299:in `block in run'
puma (3.9.1) lib/puma/thread_pool.rb:120:in `block in spawn_thread'
Started GET "/users/1" for 127.0.0.1 at 2017-07-20 10:47:19 +0300
Processing by UsersController#show as HTML
  Parameters: {"id"=>"1"}
  [1m[36mUser Load (0.3ms)[0m  [1m[34mSELECT  "users".* FROM "users" WHERE "users"."id" = ? LIMIT ?[0m  [["id", 1], ["LIMIT", 1]]
[active_model_serializers]   [1m[36mUser Load (0.2ms)[0m  [1m[34mSELECT "users".* FROM "users"[0m
[active_model_serializers]   [1m[35m (1.0ms)[0m  [1m[34mSELECT COUNT(*) FROM "users"[0m
[active_model_serializers] Rendered UserSerializer with ActiveModelSerializers::Adapter::Attributes (3.12ms)
Completed 200 OK in 9ms (Views: 2.5ms | ActiveRecord: 1.6ms)


Started GET "/users/" for 127.0.0.1 at 2017-07-20 10:48:00 +0300
Processing by UsersController#index as HTML
  [1m[36mUser Load (0.1ms)[0m  [1m[34mSELECT "users".* FROM "users"[0m
[active_model_serializers]   [1m[36mCACHE (0.0ms)[0m  [1m[34mSELECT "users".* FROM "users"[0m
[active_model_serializers]   [1m[35m (0.1ms)[0m  [1m[34mSELECT COUNT(*) FROM "users"[0m
[active_model_serializers]   [1m[36mCACHE (0.0ms)[0m  [1m[34mSELECT "users".* FROM "users"[0m
[active_model_serializers]   [1m[36mCACHE (0.0ms)[0m  [1m[34mSELECT COUNT(*) FROM "users"[0m
[active_model_serializers]   [1m[36mCACHE (0.0ms)[0m  [1m[34mSELECT "users".* FROM "users"[0m
[active_model_serializers]   [1m[36mCACHE (0.0ms)[0m  [1m[34mSELECT COUNT(*) FROM "users"[0m
[active_model_serializers]   [1m[36mCACHE (0.0ms)[0m  [1m[34mSELECT "users".* FROM "users"[0m
[active_model_serializers]   [1m[36mCACHE (0.0ms)[0m  [1m[34mSELECT COUNT(*) FROM "users"[0m
[active_model_serializers] Rendered ActiveModel::Serializer::CollectionSerializer with ActiveModelSerializers::Adapter::Attributes (3.49ms)
Completed 200 OK in 5ms (Views: 4.3ms | ActiveRecord: 0.3ms)


  [1m[36mActiveRecord::SchemaMigration Load (0.2ms)[0m  [1m[34mSELECT "schema_migrations".* FROM "schema_migrations"[0m
Migrating to RemovePartNumberFromProducts (20170720075920)
  [1m[35m (0.1ms)[0m  [1m[36mbegin transaction[0m
  [1m[35m (0.0ms)[0m  [1m[31mrollback transaction[0m
  [1m[36mUser Load (0.1ms)[0m  [1m[34mSELECT  "users".* FROM "users" ORDER BY "users"."id" ASC LIMIT ?[0m  [["LIMIT", 1]]
  [1m[36mUser Load (0.1ms)[0m  [1m[34mSELECT  "users".* FROM "users" ORDER BY "users"."id" ASC LIMIT ?[0m  [["LIMIT", 1]]
  [1m[36mActiveRecord::SchemaMigration Load (0.1ms)[0m  [1m[34mSELECT "schema_migrations".* FROM "schema_migrations"[0m
Migrating to RemoveEmailFromUsers (20170720080019)
  [1m[35m (0.1ms)[0m  [1m[36mbegin transaction[0m
  [1m[35m (0.4ms)[0m  [1m[35mCREATE TEMPORARY TABLE "ausers" ("id" INTEGER PRIMARY KEY AUTOINCREMENT NOT NULL, "name" varchar, "email" varchar, "created_at" datetime NOT NULL, "updated_at" datetime NOT NULL, "points" integer)[0m
  [1m[35m (0.2ms)[0m  [1m[32mINSERT INTO "ausers" ("id","name","email","created_at","updated_at","points")
                     SELECT "id","name","email","created_at","updated_at","points" FROM "users"[0m
  [1m[35m (1.6ms)[0m  [1m[35mDROP TABLE "users"[0m
  [1m[35m (0.2ms)[0m  [1m[35mCREATE TABLE "users" ("id" INTEGER PRIMARY KEY AUTOINCREMENT NOT NULL, "name" varchar, "created_at" datetime NOT NULL, "updated_at" datetime NOT NULL, "points" integer)[0m
  [1m[35m (0.2ms)[0m  [1m[32mINSERT INTO "users" ("id","name","created_at","updated_at","points")
                     SELECT "id","name","created_at","updated_at","points" FROM "ausers"[0m
  [1m[35m (0.2ms)[0m  [1m[35mDROP TABLE "ausers"[0m
  [1m[35mSQL (0.2ms)[0m  [1m[32mINSERT INTO "schema_migrations" ("version") VALUES (?)[0m  [["version", "20170720080019"]]
  [1m[35m (9.1ms)[0m  [1m[36mcommit transaction[0m
  [1m[36mActiveRecord::InternalMetadata Load (0.3ms)[0m  [1m[34mSELECT  "ar_internal_metadata".* FROM "ar_internal_metadata" WHERE "ar_internal_metadata"."key" = ? LIMIT ?[0m  [["key", "environment"], ["LIMIT", 1]]
  [1m[35m (0.1ms)[0m  [1m[36mbegin transaction[0m
  [1m[35m (0.1ms)[0m  [1m[36mcommit transaction[0m
  [1m[36mActiveRecord::SchemaMigration Load (0.1ms)[0m  [1m[34mSELECT "schema_migrations".* FROM "schema_migrations"[0m
  [1m[36mUser Load (0.2ms)[0m  [1m[34mSELECT  "users".* FROM "users" ORDER BY "users"."id" ASC LIMIT ?[0m  [["LIMIT", 1]]
  [1m[36mActiveRecord::SchemaMigration Load (0.2ms)[0m  [1m[34mSELECT "schema_migrations".* FROM "schema_migrations"[0m
Migrating to RemoveNameFromUsers (20170720080317)
  [1m[35m (0.1ms)[0m  [1m[36mbegin transaction[0m
  [1m[35m (0.3ms)[0m  [1m[35mCREATE TEMPORARY TABLE "ausers" ("id" INTEGER PRIMARY KEY AUTOINCREMENT NOT NULL, "name" varchar, "created_at" datetime NOT NULL, "updated_at" datetime NOT NULL, "points" integer)[0m
  [1m[35m (0.2ms)[0m  [1m[32mINSERT INTO "ausers" ("id","name","created_at","updated_at","points")
                     SELECT "id","name","created_at","updated_at","points" FROM "users"[0m
  [1m[35m (0.3ms)[0m  [1m[35mDROP TABLE "users"[0m
  [1m[35m (0.1ms)[0m  [1m[35mCREATE TABLE "users" ("id" INTEGER PRIMARY KEY AUTOINCREMENT NOT NULL, "created_at" datetime NOT NULL, "updated_at" datetime NOT NULL, "points" integer)[0m
  [1m[35m (0.2ms)[0m  [1m[32mINSERT INTO "users" ("id","created_at","updated_at","points")
                     SELECT "id","created_at","updated_at","points" FROM "ausers"[0m
  [1m[35m (0.1ms)[0m  [1m[35mDROP TABLE "ausers"[0m
  [1m[35mSQL (0.2ms)[0m  [1m[32mINSERT INTO "schema_migrations" ("version") VALUES (?)[0m  [["version", "20170720080317"]]
  [1m[35m (12.8ms)[0m  [1m[36mcommit transaction[0m
Migrating to AddCourseIdToUsers (20170720080632)
  [1m[35m (0.1ms)[0m  [1m[36mbegin transaction[0m
  [1m[35m (2.4ms)[0m  [1m[35mALTER TABLE "users" ADD "course_id" integer[0m
  [1m[35mSQL (0.2ms)[0m  [1m[32mINSERT INTO "schema_migrations" ("version") VALUES (?)[0m  [["version", "20170720080632"]]
  [1m[35m (135.1ms)[0m  [1m[36mcommit transaction[0m
  [1m[36mActiveRecord::InternalMetadata Load (0.2ms)[0m  [1m[34mSELECT  "ar_internal_metadata".* FROM "ar_internal_metadata" WHERE "ar_internal_metadata"."key" = ? LIMIT ?[0m  [["key", "environment"], ["LIMIT", 1]]
  [1m[35m (0.1ms)[0m  [1m[36mbegin transaction[0m
  [1m[35m (0.2ms)[0m  [1m[36mcommit transaction[0m
  [1m[36mActiveRecord::SchemaMigration Load (0.1ms)[0m  [1m[34mSELECT "schema_migrations".* FROM "schema_migrations"[0m
  [1m[36mActiveRecord::SchemaMigration Load (0.1ms)[0m  [1m[34mSELECT "schema_migrations".* FROM "schema_migrations"[0m
Migrating to AddUserIdToUsers (20170720080717)
  [1m[35m (0.1ms)[0m  [1m[36mbegin transaction[0m
  [1m[35m (1.0ms)[0m  [1m[35mALTER TABLE "users" ADD "user_id" integer[0m
  [1m[35mSQL (0.2ms)[0m  [1m[32mINSERT INTO "schema_migrations" ("version") VALUES (?)[0m  [["version", "20170720080717"]]
  [1m[35m (17.8ms)[0m  [1m[36mcommit transaction[0m
Migrating to AddSubmissionIdToUsers (20170720080738)
  [1m[35m (0.1ms)[0m  [1m[36mbegin transaction[0m
  [1m[35m (0.3ms)[0m  [1m[35mALTER TABLE "users" ADD "submission_id" integer[0m
  [1m[35mSQL (0.1ms)[0m  [1m[32mINSERT INTO "schema_migrations" ("version") VALUES (?)[0m  [["version", "20170720080738"]]
  [1m[35m (8.6ms)[0m  [1m[36mcommit transaction[0m
Migrating to AddNameToUsers (20170720080808)
  [1m[35m (0.2ms)[0m  [1m[36mbegin transaction[0m
  [1m[35m (0.5ms)[0m  [1m[35mALTER TABLE "users" ADD "name" varchar[0m
  [1m[35mSQL (0.2ms)[0m  [1m[32mINSERT INTO "schema_migrations" ("version") VALUES (?)[0m  [["version", "20170720080808"]]
  [1m[35m (12.7ms)[0m  [1m[36mcommit transaction[0m
  [1m[36mActiveRecord::InternalMetadata Load (0.2ms)[0m  [1m[34mSELECT  "ar_internal_metadata".* FROM "ar_internal_metadata" WHERE "ar_internal_metadata"."key" = ? LIMIT ?[0m  [["key", "environment"], ["LIMIT", 1]]
  [1m[35m (0.3ms)[0m  [1m[36mbegin transaction[0m
  [1m[35m (0.1ms)[0m  [1m[36mcommit transaction[0m
  [1m[36mActiveRecord::SchemaMigration Load (0.1ms)[0m  [1m[34mSELECT "schema_migrations".* FROM "schema_migrations"[0m
  [1m[36mUser Load (0.1ms)[0m  [1m[34mSELECT  "users".* FROM "users" ORDER BY "users"."id" ASC LIMIT ?[0m  [["LIMIT", 1]]
  [1m[36mActiveRecord::SchemaMigration Load (0.2ms)[0m  [1m[34mSELECT "schema_migrations".* FROM "schema_migrations"[0m
Migrating to ChangeUsers (20170720082745)
  [1m[35m (0.1ms)[0m  [1m[36mbegin transaction[0m
  [1m[35m (1.6ms)[0m  [1m[35mALTER TABLE "users" RENAME TO "points"[0m
  [1m[35mSQL (0.2ms)[0m  [1m[32mINSERT INTO "schema_migrations" ("version") VALUES (?)[0m  [["version", "20170720082745"]]
  [1m[35m (15.5ms)[0m  [1m[36mcommit transaction[0m
  [1m[36mActiveRecord::InternalMetadata Load (0.5ms)[0m  [1m[34mSELECT  "ar_internal_metadata".* FROM "ar_internal_metadata" WHERE "ar_internal_metadata"."key" = ? LIMIT ?[0m  [["key", "environment"], ["LIMIT", 1]]
  [1m[35m (0.1ms)[0m  [1m[36mbegin transaction[0m
  [1m[35m (0.1ms)[0m  [1m[36mcommit transaction[0m
  [1m[36mActiveRecord::SchemaMigration Load (0.2ms)[0m  [1m[34mSELECT "schema_migrations".* FROM "schema_migrations"[0m
DEPRECATION WARNING: #tables currently returns both tables and views. This behavior is deprecated and will be changed with Rails 5.1 to only return tables. Use #data_sources instead. (called from irb_binding at (irb):7)
  [1m[36mActiveRecord::SchemaMigration Load (0.1ms)[0m  [1m[34mSELECT "schema_migrations".* FROM "schema_migrations"[0m
  [1m[36mActiveRecord::InternalMetadata Load (0.2ms)[0m  [1m[34mSELECT  "ar_internal_metadata".* FROM "ar_internal_metadata" WHERE "ar_internal_metadata"."key" = ? LIMIT ?[0m  [["key", "environment"], ["LIMIT", 1]]
  [1m[35m (0.1ms)[0m  [1m[36mbegin transaction[0m
  [1m[35m (0.1ms)[0m  [1m[36mcommit transaction[0m
  [1m[36mActiveRecord::SchemaMigration Load (0.1ms)[0m  [1m[34mSELECT "schema_migrations".* FROM "schema_migrations"[0m
  [1m[36mActiveRecord::SchemaMigration Load (0.2ms)[0m  [1m[34mSELECT "schema_migrations".* FROM "schema_migrations"[0m
  [1m[35m (0.4ms)[0m  [1m[34mSELECT "ar_internal_metadata"."value" FROM "ar_internal_metadata" WHERE "ar_internal_metadata"."key" = ?[0m  [["key", "environment"]]
  [1m[36mActiveRecord::SchemaMigration Load (0.1ms)[0m  [1m[34mSELECT "schema_migrations".* FROM "schema_migrations"[0m
  [1m[35m (0.1ms)[0m  [1m[34mSELECT "ar_internal_metadata"."value" FROM "ar_internal_metadata" WHERE "ar_internal_metadata"."key" = ?[0m  [["key", "environment"]]
  [1m[36mActiveRecord::SchemaMigration Load (0.1ms)[0m  [1m[34mSELECT "schema_migrations".* FROM "schema_migrations"[0m
  [1m[35m (0.1ms)[0m  [1m[34mSELECT "ar_internal_metadata"."value" FROM "ar_internal_metadata" WHERE "ar_internal_metadata"."key" = ?[0m  [["key", "environment"]]
  [1m[35m (21.3ms)[0m  [1m[35mCREATE TABLE "points" ("id" INTEGER PRIMARY KEY AUTOINCREMENT NOT NULL, "created_at" datetime NOT NULL, "updated_at" datetime NOT NULL, "points" integer, "course_id" integer, "user_id" integer, "submission_id" integer, "name" varchar)[0m
  [1m[35m (25.6ms)[0m  [1m[35mCREATE TABLE "schema_migrations" ("version" varchar NOT NULL PRIMARY KEY)[0m
  [1m[35m (0.2ms)[0m  [1m[34mSELECT version FROM "schema_migrations"[0m
  [1m[35m (17.1ms)[0m  [1m[32mINSERT INTO "schema_migrations" (version) VALUES (20170720082745)[0m
  [1m[35m (0.2ms)[0m  [1m[34mselect sqlite_version(*)[0m
  [1m[35m (7.9ms)[0m  [1m[32mINSERT INTO "schema_migrations" (version) VALUES
(20170719112417);

[0m
  [1m[35m (15.1ms)[0m  [1m[35mCREATE TABLE "ar_internal_metadata" ("key" varchar NOT NULL PRIMARY KEY, "value" varchar, "created_at" datetime NOT NULL, "updated_at" datetime NOT NULL)[0m
  [1m[36mActiveRecord::InternalMetadata Load (0.2ms)[0m  [1m[34mSELECT  "ar_internal_metadata".* FROM "ar_internal_metadata" WHERE "ar_internal_metadata"."key" = ? LIMIT ?[0m  [["key", "environment"], ["LIMIT", 1]]
  [1m[35m (0.1ms)[0m  [1m[36mbegin transaction[0m
  [1m[35mSQL (1.2ms)[0m  [1m[32mINSERT INTO "ar_internal_metadata" ("key", "value", "created_at", "updated_at") VALUES (?, ?, ?, ?)[0m  [["key", "environment"], ["value", "development"], ["created_at", "2017-07-20 08:36:25.133565"], ["updated_at", "2017-07-20 08:36:25.133565"]]
  [1m[35m (16.9ms)[0m  [1m[36mcommit transaction[0m
  [1m[36mActiveRecord::InternalMetadata Load (0.1ms)[0m  [1m[34mSELECT  "ar_internal_metadata".* FROM "ar_internal_metadata" WHERE "ar_internal_metadata"."key" = ? LIMIT ?[0m  [["key", "environment"], ["LIMIT", 1]]
  [1m[35m (0.1ms)[0m  [1m[36mbegin transaction[0m
  [1m[35m (0.3ms)[0m  [1m[36mcommit transaction[0m
  [1m[35m (24.7ms)[0m  [1m[35mCREATE TABLE "points" ("id" INTEGER PRIMARY KEY AUTOINCREMENT NOT NULL, "created_at" datetime NOT NULL, "updated_at" datetime NOT NULL, "points" integer, "course_id" integer, "user_id" integer, "submission_id" integer, "name" varchar)[0m
  [1m[35m (10.0ms)[0m  [1m[35mCREATE TABLE "schema_migrations" ("version" varchar NOT NULL PRIMARY KEY)[0m
  [1m[35m (0.2ms)[0m  [1m[34mSELECT version FROM "schema_migrations"[0m
  [1m[35m (10.8ms)[0m  [1m[32mINSERT INTO "schema_migrations" (version) VALUES (20170720082745)[0m
  [1m[35m (0.2ms)[0m  [1m[34mselect sqlite_version(*)[0m
  [1m[35m (16.5ms)[0m  [1m[32mINSERT INTO "schema_migrations" (version) VALUES
(20170719112417);

[0m
  [1m[35m (19.8ms)[0m  [1m[35mCREATE TABLE "ar_internal_metadata" ("key" varchar NOT NULL PRIMARY KEY, "value" varchar, "created_at" datetime NOT NULL, "updated_at" datetime NOT NULL)[0m
  [1m[36mActiveRecord::InternalMetadata Load (0.2ms)[0m  [1m[34mSELECT  "ar_internal_metadata".* FROM "ar_internal_metadata" WHERE "ar_internal_metadata"."key" = ? LIMIT ?[0m  [["key", "environment"], ["LIMIT", 1]]
  [1m[35m (0.1ms)[0m  [1m[36mbegin transaction[0m
  [1m[35mSQL (0.2ms)[0m  [1m[32mINSERT INTO "ar_internal_metadata" ("key", "value", "created_at", "updated_at") VALUES (?, ?, ?, ?)[0m  [["key", "environment"], ["value", "development"], ["created_at", "2017-07-20 08:36:25.255464"], ["updated_at", "2017-07-20 08:36:25.255464"]]
  [1m[35m (22.6ms)[0m  [1m[36mcommit transaction[0m
  [1m[36mActiveRecord::InternalMetadata Load (0.1ms)[0m  [1m[34mSELECT  "ar_internal_metadata".* FROM "ar_internal_metadata" WHERE "ar_internal_metadata"."key" = ? LIMIT ?[0m  [["key", "environment"], ["LIMIT", 1]]
  [1m[35m (0.0ms)[0m  [1m[36mbegin transaction[0m
  [1m[35m (0.0ms)[0m  [1m[36mcommit transaction[0m
  [1m[36mActiveRecord::SchemaMigration Load (0.2ms)[0m  [1m[34mSELECT "schema_migrations".* FROM "schema_migrations"[0m
DEPRECATION WARNING: #tables currently returns both tables and views. This behavior is deprecated and will be changed with Rails 5.1 to only return tables. Use #data_sources instead. (called from irb_binding at (irb):1)
DEPRECATION WARNING: #tables currently returns both tables and views. This behavior is deprecated and will be changed with Rails 5.1 to only return tables. Use #data_sources instead. (called from irb_binding at (irb):1)
  [1m[36mActiveRecord::SchemaMigration Load (0.1ms)[0m  [1m[34mSELECT "schema_migrations".* FROM "schema_migrations"[0m
Migrating to RemovePoints (20170720083850)
  [1m[35m (81.2ms)[0m  [1m[35mDROP TABLE "points"[0m
  [1m[35m (0.1ms)[0m  [1m[36mbegin transaction[0m
  [1m[35mSQL (0.2ms)[0m  [1m[32mINSERT INTO "schema_migrations" ("version") VALUES (?)[0m  [["version", "20170720083850"]]
  [1m[35m (48.0ms)[0m  [1m[36mcommit transaction[0m
  [1m[36mActiveRecord::InternalMetadata Load (0.2ms)[0m  [1m[34mSELECT  "ar_internal_metadata".* FROM "ar_internal_metadata" WHERE "ar_internal_metadata"."key" = ? LIMIT ?[0m  [["key", "environment"], ["LIMIT", 1]]
  [1m[35m (0.3ms)[0m  [1m[36mbegin transaction[0m
  [1m[35m (0.1ms)[0m  [1m[36mcommit transaction[0m
  [1m[36mActiveRecord::SchemaMigration Load (0.1ms)[0m  [1m[34mSELECT "schema_migrations".* FROM "schema_migrations"[0m
DEPRECATION WARNING: #tables currently returns both tables and views. This behavior is deprecated and will be changed with Rails 5.1 to only return tables. Use #data_sources instead. (called from irb_binding at (irb):1)
  [1m[36mActiveRecord::SchemaMigration Load (0.1ms)[0m  [1m[34mSELECT "schema_migrations".* FROM "schema_migrations"[0m
Migrating to CreatePoints (20170720084348)
  [1m[35m (0.1ms)[0m  [1m[36mbegin transaction[0m
  [1m[35m (0.9ms)[0m  [1m[35mCREATE TABLE "points" ("id" INTEGER PRIMARY KEY AUTOINCREMENT NOT NULL, "exercise_id" integer, "point_id" integer, "course_id" integer, "user_id" integer, "submission_id" integer, "name" varchar, "created_at" datetime NOT NULL, "updated_at" datetime NOT NULL)[0m
  [1m[35mSQL (0.2ms)[0m  [1m[32mINSERT INTO "schema_migrations" ("version") VALUES (?)[0m  [["version", "20170720084348"]]
  [1m[35m (18.7ms)[0m  [1m[36mcommit transaction[0m
  [1m[36mActiveRecord::InternalMetadata Load (0.2ms)[0m  [1m[34mSELECT  "ar_internal_metadata".* FROM "ar_internal_metadata" WHERE "ar_internal_metadata"."key" = ? LIMIT ?[0m  [["key", "environment"], ["LIMIT", 1]]
  [1m[35m (0.3ms)[0m  [1m[36mbegin transaction[0m
  [1m[35m (0.1ms)[0m  [1m[36mcommit transaction[0m
  [1m[36mActiveRecord::SchemaMigration Load (0.1ms)[0m  [1m[34mSELECT "schema_migrations".* FROM "schema_migrations"[0m
  [1m[36mPoint Load (0.1ms)[0m  [1m[34mSELECT  "points".* FROM "points" ORDER BY "points"."id" ASC LIMIT ?[0m  [["LIMIT", 1]]
  [1m[35m (0.1ms)[0m  [1m[36mbegin transaction[0m
  [1m[35mSQL (0.3ms)[0m  [1m[32mINSERT INTO "points" ("created_at", "updated_at") VALUES (?, ?)[0m  [["created_at", "2017-07-20 08:50:00.669275"], ["updated_at", "2017-07-20 08:50:00.669275"]]
  [1m[35m (12.3ms)[0m  [1m[36mcommit transaction[0m
  [1m[36mPoint Load (0.1ms)[0m  [1m[34mSELECT  "points".* FROM "points" ORDER BY "points"."id" ASC LIMIT ?[0m  [["LIMIT", 1]]
  [1m[36mPoint Load (0.1ms)[0m  [1m[34mSELECT  "points".* FROM "points" ORDER BY "points"."id" ASC LIMIT ?[0m  [["LIMIT", 1]]
  [1m[36mPoint Load (0.1ms)[0m  [1m[34mSELECT  "points".* FROM "points" ORDER BY "points"."id" ASC LIMIT ?[0m  [["LIMIT", 1]]
  [1m[35m (0.1ms)[0m  [1m[36mbegin transaction[0m
  [1m[35mSQL (0.3ms)[0m  [1m[33mUPDATE "points" SET "exercise_id" = ?, "point_id" = ?, "course_id" = ?, "user_id" = ?, "submission_id" = ?, "name" = ?, "updated_at" = ? WHERE "points"."id" = ?[0m  [["exercise_id", 1], ["point_id", 1], ["course_id", 123], ["user_id", 1], ["submission_id", 1], ["name", "tehtävä 1"], ["updated_at", "2017-07-20 08:51:54.754912"], ["id", 1]]
  [1m[35m (18.0ms)[0m  [1m[36mcommit transaction[0m
  [1m[36mPoint Load (0.1ms)[0m  [1m[34mSELECT  "points".* FROM "points" ORDER BY "points"."id" ASC LIMIT ?[0m  [["LIMIT", 1]]
  [1m[36mPoint Load (0.2ms)[0m  [1m[34mSELECT  "points".* FROM "points" ORDER BY "points"."id" ASC LIMIT ?[0m  [["LIMIT", 1]]
  [1m[36mPoint Load (0.1ms)[0m  [1m[34mSELECT  "points".* FROM "points" ORDER BY "points"."id" ASC LIMIT ?[0m  [["LIMIT", 1]]
  [1m[36mPoint Load (0.1ms)[0m  [1m[34mSELECT  "points".* FROM "points" ORDER BY "points"."id" ASC LIMIT ?[0m  [["LIMIT", 1]]
  [1m[36mPoint Load (0.1ms)[0m  [1m[34mSELECT  "points".* FROM "points" ORDER BY "points"."id" ASC LIMIT ?[0m  [["LIMIT", 1]]
Started GET "/" for 127.0.0.1 at 2017-07-20 12:08:55 +0300
  [1m[36mActiveRecord::SchemaMigration Load (0.4ms)[0m  [1m[34mSELECT "schema_migrations".* FROM "schema_migrations"[0m
Processing by Rails::WelcomeController#index as HTML
  Parameters: {"internal"=>true}
  Rendering /home/sonjamak/.rbenv/versions/2.3.1/lib/ruby/gems/2.3.0/gems/railties-5.0.4/lib/rails/templates/rails/welcome/index.html.erb
  Rendered /home/sonjamak/.rbenv/versions/2.3.1/lib/ruby/gems/2.3.0/gems/railties-5.0.4/lib/rails/templates/rails/welcome/index.html.erb (3.1ms)
Completed 200 OK in 10ms (Views: 6.8ms | ActiveRecord: 0.0ms)


Started GET "/points" for 127.0.0.1 at 2017-07-20 12:09:00 +0300
Processing by PointsController#index as HTML
Completed 500 Internal Server Error in 1ms (ActiveRecord: 0.0ms)


  
SyntaxError (/home/sonjamak/dashboard-api/app/models/point.rb:8: syntax error, unexpected '\n', expecting =>):
  
app/models/point.rb:8: syntax error, unexpected '\n', expecting =>
app/controllers/points_controller.rb:6:in `index'
Started GET "/points/1" for 127.0.0.1 at 2017-07-20 12:09:08 +0300
Processing by PointsController#show as HTML
  Parameters: {"id"=>"1"}
Completed 500 Internal Server Error in 1ms (ActiveRecord: 0.0ms)


  
SyntaxError (/home/sonjamak/dashboard-api/app/models/point.rb:8: syntax error, unexpected '\n', expecting =>):
  
app/models/point.rb:8: syntax error, unexpected '\n', expecting =>
app/controllers/points_controller.rb:44:in `set_point'
Started GET "/points/1" for 127.0.0.1 at 2017-07-20 12:10:24 +0300
  [1m[36mActiveRecord::SchemaMigration Load (0.1ms)[0m  [1m[34mSELECT "schema_migrations".* FROM "schema_migrations"[0m
Processing by PointsController#show as HTML
  Parameters: {"id"=>"1"}
Completed 500 Internal Server Error in 1ms (ActiveRecord: 0.0ms)


  
SyntaxError (/home/sonjamak/dashboard-api/app/models/point.rb:8: syntax error, unexpected '\n', expecting =>):
  
app/models/point.rb:8: syntax error, unexpected '\n', expecting =>
app/controllers/points_controller.rb:44:in `set_point'
Started GET "/points/1" for 127.0.0.1 at 2017-07-20 12:12:50 +0300
  [1m[36mActiveRecord::SchemaMigration Load (0.1ms)[0m  [1m[34mSELECT "schema_migrations".* FROM "schema_migrations"[0m
Processing by PointsController#show as HTML
  Parameters: {"id"=>"1"}
Completed 500 Internal Server Error in 1ms (ActiveRecord: 0.0ms)


  
SyntaxError (/home/sonjamak/dashboard-api/app/models/point.rb:8: syntax error, unexpected '\n', expecting =>):
  
app/models/point.rb:8: syntax error, unexpected '\n', expecting =>
app/controllers/points_controller.rb:44:in `set_point'
Started GET "/points/" for 127.0.0.1 at 2017-07-20 12:12:55 +0300
Processing by PointsController#index as HTML
Completed 500 Internal Server Error in 1ms (ActiveRecord: 0.0ms)


  
SyntaxError (/home/sonjamak/dashboard-api/app/models/point.rb:8: syntax error, unexpected '\n', expecting =>):
  
app/models/point.rb:8: syntax error, unexpected '\n', expecting =>
app/controllers/points_controller.rb:6:in `index'
Started GET "/points/" for 127.0.0.1 at 2017-07-20 12:13:41 +0300
Processing by PointsController#index as HTML
Started GET "/points/" for 127.0.0.1 at 2017-07-20 12:13:51 +0300
Completed 500 Internal Server Error in 1ms (ActiveRecord: 0.0ms)


  
SyntaxError (/home/sonjamak/dashboard-api/app/models/point.rb:7: syntax error, unexpected '}', expecting =>):
  
app/models/point.rb:7: syntax error, unexpected '}', expecting =>
app/controllers/points_controller.rb:6:in `index'
Processing by PointsController#index as HTML
Completed 500 Internal Server Error in 1ms (ActiveRecord: 0.0ms)


  
SyntaxError (/home/sonjamak/dashboard-api/app/models/point.rb:7: syntax error, unexpected '}', expecting =>):
  
app/models/point.rb:7: syntax error, unexpected '}', expecting =>
app/controllers/points_controller.rb:6:in `index'
Started GET "/points/" for 127.0.0.1 at 2017-07-20 12:13:57 +0300
  [1m[36mActiveRecord::SchemaMigration Load (0.8ms)[0m  [1m[34mSELECT "schema_migrations".* FROM "schema_migrations"[0m
Processing by PointsController#index as HTML
Completed 500 Internal Server Error in 1ms (ActiveRecord: 0.0ms)


  
SyntaxError (/home/sonjamak/dashboard-api/app/models/point.rb:7: syntax error, unexpected '}', expecting =>):
  
app/models/point.rb:7: syntax error, unexpected '}', expecting =>
app/controllers/points_controller.rb:6:in `index'
Started GET "/points/" for 127.0.0.1 at 2017-07-20 12:14:33 +0300
Started GET "/points/" for 127.0.0.1 at 2017-07-20 12:14:40 +0300
  [1m[36mActiveRecord::SchemaMigration Load (0.1ms)[0m  [1m[34mSELECT "schema_migrations".* FROM "schema_migrations"[0m
Processing by PointsController#index as HTML
Completed 500 Internal Server Error in 1ms (ActiveRecord: 0.0ms)


  
SyntaxError (/home/sonjamak/dashboard-api/app/models/point.rb:7: syntax error, unexpected '}', expecting =>):
  
app/models/point.rb:7: syntax error, unexpected '}', expecting =>
app/controllers/points_controller.rb:6:in `index'
Started GET "/points/" for 127.0.0.1 at 2017-07-20 12:14:42 +0300
Processing by PointsController#index as HTML
Completed 500 Internal Server Error in 1ms (ActiveRecord: 0.0ms)


  
SyntaxError (/home/sonjamak/dashboard-api/app/models/point.rb:7: syntax error, unexpected '}', expecting =>):
  
app/models/point.rb:7: syntax error, unexpected '}', expecting =>
app/controllers/points_controller.rb:6:in `index'
Started GET "/points/" for 127.0.0.1 at 2017-07-20 12:18:40 +0300
  [1m[36mActiveRecord::SchemaMigration Load (0.1ms)[0m  [1m[34mSELECT "schema_migrations".* FROM "schema_migrations"[0m
Processing by PointsController#index as HTML
  [1m[36mPoint Load (0.2ms)[0m  [1m[34mSELECT "points".* FROM "points"[0m
[active_model_serializers] Rendered ActiveModel::Serializer::CollectionSerializer with ActiveModelSerializers::Adapter::Attributes (0.37ms)
Completed 200 OK in 19ms (Views: 15.9ms | ActiveRecord: 0.7ms)


Started GET "/points/" for 127.0.0.1 at 2017-07-20 12:19:28 +0300
Processing by PointsController#index as HTML
Started GET "/points/" for 127.0.0.1 at 2017-07-20 12:19:38 +0300
  [1m[36mPoint Load (0.3ms)[0m  [1m[34mSELECT "points".* FROM "points"[0m
[active_model_serializers] Rendered ActiveModel::Serializer::CollectionSerializer with ActiveModelSerializers::Adapter::Attributes (0.23ms)
Completed 200 OK in 17ms (Views: 9.4ms | ActiveRecord: 0.8ms)


Processing by PointsController#index as HTML
  [1m[36mPoint Load (0.3ms)[0m  [1m[34mSELECT "points".* FROM "points"[0m
[active_model_serializers] Rendered ActiveModel::Serializer::CollectionSerializer with ActiveModelSerializers::Adapter::Attributes (0.41ms)
Completed 200 OK in 11ms (Views: 7.3ms | ActiveRecord: 1.0ms)


  [1m[35m (0.1ms)[0m  [1m[36mbegin transaction[0m
  [1m[35mSQL (0.3ms)[0m  [1m[32mINSERT INTO "points" ("created_at", "updated_at") VALUES (?, ?)[0m  [["created_at", "2017-07-20 09:20:54.373354"], ["updated_at", "2017-07-20 09:20:54.373354"]]
  [1m[35m (17.8ms)[0m  [1m[36mcommit transaction[0m
  [1m[35m (0.1ms)[0m  [1m[36mbegin transaction[0m
  [1m[35mSQL (0.2ms)[0m  [1m[33mUPDATE "points" SET "exercise_id" = ?, "point_id" = ?, "course_id" = ?, "user_id" = ?, "submission_id" = ?, "name" = ?, "updated_at" = ? WHERE "points"."id" = ?[0m  [["exercise_id", 2], ["point_id", 2], ["course_id", 123], ["user_id", 1], ["submission_id", 2], ["name", "Tehtävä 2"], ["updated_at", "2017-07-20 09:22:13.734128"], ["id", 2]]
  [1m[35m (14.8ms)[0m  [1m[36mcommit transaction[0m
  [1m[35m (0.1ms)[0m  [1m[36mbegin transaction[0m
  [1m[35mSQL (0.2ms)[0m  [1m[32mINSERT INTO "points" ("exercise_id", "point_id", "course_id", "user_id", "submission_id", "name", "created_at", "updated_at") VALUES (?, ?, ?, ?, ?, ?, ?, ?)[0m  [["exercise_id", 5], ["point_id", 5], ["course_id", 123], ["user_id", 1], ["submission_id", 3], ["name", "Tehtävä 5"], ["created_at", "2017-07-20 09:23:45.943677"], ["updated_at", "2017-07-20 09:23:45.943677"]]
  [1m[35m (18.9ms)[0m  [1m[36mcommit transaction[0m
Started GET "/points/" for 127.0.0.1 at 2017-07-20 12:23:51 +0300
  [1m[36mActiveRecord::SchemaMigration Load (0.1ms)[0m  [1m[34mSELECT "schema_migrations".* FROM "schema_migrations"[0m
Processing by PointsController#index as HTML
  [1m[36mPoint Load (0.2ms)[0m  [1m[34mSELECT "points".* FROM "points"[0m
[active_model_serializers] Rendered ActiveModel::Serializer::CollectionSerializer with ActiveModelSerializers::Adapter::Attributes (1.19ms)
Completed 200 OK in 19ms (Views: 15.0ms | ActiveRecord: 1.7ms)


  [1m[35m (34.5ms)[0m  [1m[35mCREATE TABLE "schema_migrations" ("version" character varying PRIMARY KEY)[0m
  [1m[35m (46.8ms)[0m  [1m[35mCREATE TABLE "ar_internal_metadata" ("key" character varying PRIMARY KEY, "value" character varying, "created_at" timestamp NOT NULL, "updated_at" timestamp NOT NULL)[0m
  [1m[35m (0.5ms)[0m  [1m[34mSELECT pg_try_advisory_lock(1808807343032152260);[0m
  [1m[36mActiveRecord::SchemaMigration Load (1.1ms)[0m  [1m[34mSELECT "schema_migrations".* FROM "schema_migrations"[0m
Migrating to CreatePoints (20170720084348)
  [1m[35m (0.4ms)[0m  [1m[35mBEGIN[0m
  [1m[35m (28.0ms)[0m  [1m[35mCREATE TABLE "points" ("id" serial primary key, "exercise_id" integer, "point_id" integer, "course_id" integer, "user_id" integer, "submission_id" integer, "name" character varying, "created_at" timestamp NOT NULL, "updated_at" timestamp NOT NULL)[0m
  [1m[35mSQL (0.5ms)[0m  [1m[32mINSERT INTO "schema_migrations" ("version") VALUES ($1) RETURNING "version"[0m  [["version", "20170720084348"]]
  [1m[35m (3.5ms)[0m  [1m[35mCOMMIT[0m
  [1m[36mActiveRecord::InternalMetadata Load (0.6ms)[0m  [1m[34mSELECT  "ar_internal_metadata".* FROM "ar_internal_metadata" WHERE "ar_internal_metadata"."key" = $1 LIMIT $2[0m  [["key", "environment"], ["LIMIT", 1]]
  [1m[35m (0.2ms)[0m  [1m[35mBEGIN[0m
  [1m[35mSQL (0.6ms)[0m  [1m[32mINSERT INTO "ar_internal_metadata" ("key", "value", "created_at", "updated_at") VALUES ($1, $2, $3, $4) RETURNING "key"[0m  [["key", "environment"], ["value", "development"], ["created_at", "2017-07-24 11:49:44.782048"], ["updated_at", "2017-07-24 11:49:44.782048"]]
  [1m[35m (3.4ms)[0m  [1m[35mCOMMIT[0m
  [1m[35m (1.6ms)[0m  [1m[34mSELECT pg_advisory_unlock(1808807343032152260)[0m
  [1m[36mActiveRecord::SchemaMigration Load (0.5ms)[0m  [1m[34mSELECT "schema_migrations".* FROM "schema_migrations"[0m
Started GET "/" for 127.0.0.1 at 2017-07-24 14:50:01 +0300
  [1m[36mActiveRecord::SchemaMigration Load (0.5ms)[0m  [1m[34mSELECT "schema_migrations".* FROM "schema_migrations"[0m
Processing by Rails::WelcomeController#index as HTML
  Parameters: {"internal"=>true}
  Rendering /var/lib/gems/2.3.0/gems/railties-5.0.4/lib/rails/templates/rails/welcome/index.html.erb
  Rendered /var/lib/gems/2.3.0/gems/railties-5.0.4/lib/rails/templates/rails/welcome/index.html.erb (5.6ms)
Completed 200 OK in 13ms (Views: 11.1ms | ActiveRecord: 0.0ms)


Started GET "/favicon.ico" for 127.0.0.1 at 2017-07-24 14:50:01 +0300
  
ActionController::RoutingError (No route matches [GET] "/favicon.ico"):
  
actionpack (5.0.4) lib/action_dispatch/middleware/debug_exceptions.rb:53:in `call'
actionpack (5.0.4) lib/action_dispatch/middleware/show_exceptions.rb:31:in `call'
railties (5.0.4) lib/rails/rack/logger.rb:36:in `call_app'
railties (5.0.4) lib/rails/rack/logger.rb:24:in `block in call'
activesupport (5.0.4) lib/active_support/tagged_logging.rb:69:in `block in tagged'
activesupport (5.0.4) lib/active_support/tagged_logging.rb:26:in `tagged'
activesupport (5.0.4) lib/active_support/tagged_logging.rb:69:in `tagged'
railties (5.0.4) lib/rails/rack/logger.rb:24:in `call'
actionpack (5.0.4) lib/action_dispatch/middleware/request_id.rb:24:in `call'
rack (2.0.3) lib/rack/runtime.rb:22:in `call'
activesupport (5.0.4) lib/active_support/cache/strategy/local_cache_middleware.rb:28:in `call'
actionpack (5.0.4) lib/action_dispatch/middleware/executor.rb:12:in `call'
actionpack (5.0.4) lib/action_dispatch/middleware/static.rb:136:in `call'
rack (2.0.3) lib/rack/sendfile.rb:111:in `call'
railties (5.0.4) lib/rails/engine.rb:522:in `call'
puma (3.9.1) lib/puma/configuration.rb:224:in `call'
puma (3.9.1) lib/puma/server.rb:602:in `handle_request'
puma (3.9.1) lib/puma/server.rb:435:in `process_client'
puma (3.9.1) lib/puma/server.rb:299:in `block in run'
puma (3.9.1) lib/puma/thread_pool.rb:120:in `block in spawn_thread'
Started GET "/points" for 127.0.0.1 at 2017-07-24 14:50:06 +0300
Processing by PointsController#index as HTML
  [1m[36mPoint Load (0.9ms)[0m  [1m[34mSELECT "points".* FROM "points"[0m
[active_model_serializers] Rendered ActiveModel::Serializer::CollectionSerializer with ActiveModelSerializers::Adapter::Attributes (0.15ms)
Completed 200 OK in 23ms (Views: 12.6ms | ActiveRecord: 2.7ms)


